<?xml version="1.0" encoding="UTF-8"?>
<!-- Generated by org.testng.reporters.JUnitReportReporter -->
<testsuite name="com.freecrm.Testcases.HomePageTest" tests="1" time="30.633" ignored="0" failures="0" timestamp="08 Apr 2020 20:23:45 GMT" skipped="0" hostname="DESKTOP-A3I7VVI" errors="0">
  <testcase name="verifylinks" time="30.633" classname="com.freecrm.Testcases.HomePageTest"/>
</testsuite> <!-- com.freecrm.Testcases.HomePageTest -->
