<?xml version="1.0" encoding="UTF-8"?>
<!-- Generated by org.testng.reporters.JUnitReportReporter -->
<testsuite name="com.freecrm.Testcases.LoginPageTest" tests="2" time="76.597" ignored="0" failures="0" timestamp="08 Apr 2020 19:55:33 GMT" skipped="0" hostname="DESKTOP-A3I7VVI" errors="0">
  <testcase name="clickForgetpassordlink" time="40.795" classname="com.freecrm.Testcases.LoginPageTest"/>
  <testcase name="verifyvalidSignIn" time="35.802" classname="com.freecrm.Testcases.LoginPageTest"/>
</testsuite> <!-- com.freecrm.Testcases.LoginPageTest -->
