<?xml version="1.0" encoding="UTF-8"?>
<!-- Generated by org.testng.reporters.JUnitReportReporter -->
<testsuite name="com.freecrm.Testcases.ForgetMyPassPageTest" tests="1" time="109.250" ignored="0" failures="0" timestamp="08 Apr 2020 19:55:33 GMT" skipped="0" hostname="DESKTOP-A3I7VVI" errors="0">
  <testcase name="verifyForgetpassord" time="109.250" classname="com.freecrm.Testcases.ForgetMyPassPageTest"/>
</testsuite> <!-- com.freecrm.Testcases.ForgetMyPassPageTest -->
